
1월 24, 2024 13:28:35.64 NEW SESSION
1월 24, 2024 13:28:35.66 [8728:13712:0124/132835.638:ERROR:device_event_log_impl.cc(192)] [13:28:35.639] Bluetooth: bluetooth_adapter_winrt.cc:1058 Getting Default Adapter failed.
1월 24, 2024 14:14:34.64 [8728:13712:0124/141434.640:ERROR:device_event_log_impl.cc(192)] [14:14:34.640] Bluetooth: bluetooth_adapter_winrt.cc:1058 Getting Default Adapter failed.
1월 24, 2024 14:28:11.11 [8728:13712:0124/142811.112:ERROR:sharing_service.cc(250)] Device un-registration failed with fatal error
1월 24, 2024 14:52:19.32 [8728:13712:0124/145219.325:ERROR:interface_endpoint_client.cc(702)] Message 1 rejected by interface blink.mojom.WidgetHost
1월 24, 2024 14:59:26.07 [8728:13712:0124/145926.072:ERROR:device_event_log_impl.cc(192)] [14:59:26.071] Bluetooth: bluetooth_adapter_winrt.cc:1058 Getting Default Adapter failed.
1월 24, 2024 15:15:33.64 [8728:13712:0124/151533.646:ERROR:interface_endpoint_client.cc(702)] Message 1 rejected by interface blink.mojom.WidgetHost

1월 29, 2024 09:05:16.30 NEW SESSION
1월 29, 2024 09:05:16.31 INFO: Created TensorFlow Lite XNNPACK delegate for CPU.
1월 29, 2024 11:36:00.69 [11940:2988:0129/113600.698:ERROR:CONSOLE(0)] "ReferenceError: dragEvent is not defined", source:  (0)
1월 29, 2024 11:37:24.93 [11940:2988:0129/113724.932:ERROR:CONSOLE(0)] "ReferenceError: dragEvent is not defined", source:  (0)
1월 29, 2024 11:37:26.46 [11940:2988:0129/113726.468:ERROR:CONSOLE(0)] "ReferenceError: dragEvent is not defined", source:  (0)
1월 29, 2024 12:30:18.79 [11940:2988:0129/123018.795:ERROR:interface_endpoint_client.cc(702)] Message 0 rejected by interface blink.mojom.WidgetHost
1월 29, 2024 12:30:36.00 [11940:2988:0129/123036.001:ERROR:interface_endpoint_client.cc(702)] Message 0 rejected by interface blink.mojom.WidgetHost
1월 29, 2024 13:03:50.44 [11940:2988:0129/130350.449:ERROR:interface_endpoint_client.cc(702)] Message 0 rejected by interface blink.mojom.WidgetHost
1월 29, 2024 13:21:08.82 [11940:2988:0129/132108.824:ERROR:CONSOLE(0)] "ReferenceError: dragEvent is not defined", source:  (0)
1월 29, 2024 13:58:46.15 [11940:2848:0129/135846.154:ERROR:cert_verify_proc_builtin.cc(705)] CertVerifyProcBuiltin for www.theenglishstudent.com failed:
1월 29, 2024 13:58:46.15 ----- Certificate i=0 (CN=invalid-sni.invalid,OU=No SNI provided\; please fix your client.) -----
1월 29, 2024 13:58:46.15 ERROR: No matching issuer found
1월 29, 2024 13:58:46.15 
1월 29, 2024 13:58:46.15 

1월 31, 2024 09:42:17.37 NEW SESSION
1월 31, 2024 09:42:17.38 INFO: Created TensorFlow Lite XNNPACK delegate for CPU.
1월 31, 2024 09:42:43.21 [11356:8892:0131/094243.219:ERROR:CONSOLE(0)] "ReferenceError: dragEvent is not defined", source:  (0)
1월 31, 2024 09:44:52.01 [11356:8892:0131/094452.014:ERROR:CONSOLE(0)] "ReferenceError: dragEvent is not defined", source:  (0)
1월 31, 2024 10:56:30.74 [11356:8892:0131/105630.741:ERROR:CONSOLE(0)] "ReferenceError: dragEvent is not defined", source:  (0)
1월 31, 2024 10:56:42.03 [11356:8892:0131/105642.037:ERROR:CONSOLE(0)] "ReferenceError: dragEvent is not defined", source:  (0)
